
> boilerplate-apps-router@0.1.0 build-storybook
> storybook build --output-dir=/tmp/chromatic--1188-SMbb1icqRSOv

[1m@storybook/core v8.5.6
[22m
info => Cleaning outputDir: [36m../../../../tmp/chromatic--1188-SMbb1icqRSOv[39m
info => Loading presets
info => Building manager..
info => Manager built ([38;2;181;126;229m121 ms[39m)
info => Building preview..
info => Using implicit CSS loaders
info => Using Babel as compiler
info => Using default Webpack5 setup
info => Copying static files: [36mpublic[39m at [36m../../../../tmp/chromatic--1188-SMbb1icqRSOv[39m
WARN asset size limit: The following asset(s) exceed the recommended size limit (244 KiB).
WARN This can impact web performance.
WARN Assets: 
WARN   407.4096a078.iframe.bundle.js (1.26 MiB)
WARN entrypoint size limit: The following entrypoint(s) combined asset size exceeds the recommended limit (244 KiB). This can impact web performance.
WARN Entrypoints:
WARN   main (1.27 MiB)
WARN       runtime~main.77f32ca2.iframe.bundle.js
WARN       407.4096a078.iframe.bundle.js
WARN       main.27e13752.iframe.bundle.js
WARN 
info => Preview built ([38;2;181;126;229m6.49 s[39m)
info => Output directory: /tmp/chromatic--1188-SMbb1icqRSOv
